#
# There is insufficient memory for the Java Runtime Environment to continue.
# Native memory allocation (mmap) failed to map 268435456 bytes for Failed to commit area from 0x0000000700a00000 to 0x0000000710a00000 of length 268435456.
# Possible reasons:
#   The system is out of physical RAM or swap space
#   The process is running with CompressedOops enabled, and the Java Heap may be blocking the growth of the native heap
# Possible solutions:
#   Reduce memory load on the system
#   Increase physical memory or swap space
#   Check if swap backing store is full
#   Decrease Java heap size (-Xmx/-Xms)
#   Decrease number of Java threads
#   Decrease Java thread stack sizes (-Xss)
#   Set larger code cache with -XX:ReservedCodeCacheSize=
# This output file may be truncated or incomplete.
#
#  Out of Memory Error (src/hotspot/os/windows/os_windows.cpp:3627), pid=13412, tid=4908
#
# JRE version:  (11.0.15) (build )
# Java VM: OpenJDK 64-Bit Server VM (11.0.15+0-b2043.56-9505619, mixed mode, sharing, tiered, compressed oops, g1 gc, windows-amd64)
# No core dump will be written. Minidumps are not enabled by default on client versions of Windows
#

---------------  S U M M A R Y ------------

Command Line: 

Host: Intel(R) Core(TM) i7-2600 CPU @ 3.40GHz, 8 cores, 15G,  Windows 10 , 64 bit Build 19041 (10.0.19041.3031)
Time: Tue Jun 27 16:58:57 2023 India Standard Time elapsed time: 0.019513 seconds (0d 0h 0m 0s)

---------------  T H R E A D  ---------------

Current thread (0x0000014a7ca8d800):  JavaThread "Unknown thread" [_thread_in_vm, id=4908, stack(0x0000003dfac00000,0x0000003dfad00000)]

Stack: [0x0000003dfac00000,0x0000003dfad00000]
Native frames: (J=compiled Java code, j=interpreted, Vv=VM code, C=native code)
V  [jvm.dll+0x64135a]
V  [jvm.dll+0x7d39f9]
V  [jvm.dll+0x7d51b9]
V  [jvm.dll+0x7d58a3]
V  [jvm.dll+0x2691c5]
V  [jvm.dll+0x63e4e9]
V  [jvm.dll+0x632985]
V  [jvm.dll+0x3231ac]
V  [jvm.dll+0x323032]
V  [jvm.dll+0x327c06]
V  [jvm.dll+0x36ffa2]
V  [jvm.dll+0x36fa01]
V  [jvm.dll+0x2fea28]
V  [jvm.dll+0x2ffb25]
V  [jvm.dll+0x7accd7]
V  [jvm.dll+0x7ae49f]
V  [jvm.dll+0x37d299]
V  [jvm.dll+0x78ef9f]
V  [jvm.dll+0x3ec847]
V  [jvm.dll+0x3eed31]
C  [jli.dll+0x52cb]
C  [ucrtbase.dll+0x21bb2]
C  [KERNEL32.DLL+0x17614]
C  [ntdll.dll+0x526f1]


---------------  P R O C E S S  ---------------

Threads class SMR info:
_java_thread_list=0x0000014a7c98f430, length=0, elements={
}

Java Threads: ( => current thread )

Other Threads:
  0x0000014a7caa5000 GCTaskThread "GC Thread#0" [stack: 0x0000003dfad00000,0x0000003dfae00000] [id=8632]
  0x0000014a7cb03000 ConcurrentGCThread "G1 Main Marker" [stack: 0x0000003dfae00000,0x0000003dfaf00000] [id=7444]
  0x0000014a7cb04800 ConcurrentGCThread "G1 Conc#0" [stack: 0x0000003dfaf00000,0x0000003dfb000000] [id=8612]

[error occurred during error reporting (printing all threads), id 0xc0000005, EXCEPTION_ACCESS_VIOLATION (0xc0000005) at pc=0x00007ffd1ecff3e7]

VM state:not at safepoint (not fully initialized)

VM Mutex/Monitor currently owned by a thread:  ([mutex/lock_event])
[0x0000014a7ca89c50] Heap_lock - owner thread: 0x0000014a7ca8d800

Heap address: 0x0000000700a00000, size: 4086 MB, Compressed Oops mode: Non-zero based: 0x0000000700a00000
Narrow klass base: 0x0000000000000000, Narrow klass shift: 0

GC Heap History (0 events):
No events

Deoptimization events (0 events):
No events

Classes redefined (0 events):
No events

Internal exceptions (0 events):
No events

Events (1 events):
Event: 0.011 Loaded shared library C:\Program Files\Android\Android Studio1\jbr\bin\zip.dll


Dynamic libraries:
0x00007ff6d4b70000 - 0x00007ff6d4b7a000 	C:\Program Files\Android\Android Studio1\jbr\bin\java.EXE
0x00007ffd6fdf0000 - 0x00007ffd6ffe8000 	C:\Windows\SYSTEM32\ntdll.dll
0x00007ffd6eb40000 - 0x00007ffd6ebff000 	C:\Windows\System32\KERNEL32.DLL
0x00007ffd6d960000 - 0x00007ffd6dc56000 	C:\Windows\System32\KERNELBASE.dll
0x00007ffd6d6c0000 - 0x00007ffd6d7c0000 	C:\Windows\System32\ucrtbase.dll
0x00007ffd5d740000 - 0x00007ffd5d757000 	C:\Program Files\Android\Android Studio1\jbr\bin\jli.dll
0x00007ffd6e600000 - 0x00007ffd6e79d000 	C:\Windows\System32\USER32.dll
0x00007ffd6d5e0000 - 0x00007ffd6d602000 	C:\Windows\System32\win32u.dll
0x00007ffd6eb00000 - 0x00007ffd6eb2c000 	C:\Windows\System32\GDI32.dll
0x00007ffd6d7c0000 - 0x00007ffd6d8d5000 	C:\Windows\System32\gdi32full.dll
0x00007ffd6d540000 - 0x00007ffd6d5dd000 	C:\Windows\System32\msvcp_win.dll
0x00007ffd59190000 - 0x00007ffd5942a000 	C:\Windows\WinSxS\amd64_microsoft.windows.common-controls_6595b64144ccf1df_6.0.19041.1110_none_60b5254171f9507e\COMCTL32.dll
0x00007ffd6e320000 - 0x00007ffd6e3be000 	C:\Windows\System32\msvcrt.dll
0x00007ffd650e0000 - 0x00007ffd650fb000 	C:\Program Files\Android\Android Studio1\jbr\bin\VCRUNTIME140.dll
0x00007ffd6e4f0000 - 0x00007ffd6e520000 	C:\Windows\System32\IMM32.DLL
0x00007ffd5d140000 - 0x00007ffd5d14c000 	C:\Program Files\Android\Android Studio1\jbr\bin\vcruntime140_1.dll
0x00007ffd55360000 - 0x00007ffd553ed000 	C:\Program Files\Android\Android Studio1\jbr\bin\msvcp140.dll
0x00007ffd1e9f0000 - 0x00007ffd1f5ac000 	C:\Program Files\Android\Android Studio1\jbr\bin\server\jvm.dll
0x00007ffd6ea50000 - 0x00007ffd6eaff000 	C:\Windows\System32\ADVAPI32.dll
0x00007ffd6e450000 - 0x00007ffd6e4ec000 	C:\Windows\System32\sechost.dll
0x00007ffd6f7e0000 - 0x00007ffd6f906000 	C:\Windows\System32\RPCRT4.dll
0x00007ffd6fb80000 - 0x00007ffd6fb88000 	C:\Windows\System32\PSAPI.DLL
0x00007ffd5d170000 - 0x00007ffd5d179000 	C:\Windows\SYSTEM32\WSOCK32.dll
0x00007ffd6fb90000 - 0x00007ffd6fbfb000 	C:\Windows\System32\WS2_32.dll
0x00007ffd5dea0000 - 0x00007ffd5dec7000 	C:\Windows\SYSTEM32\WINMM.dll
0x00007ffd68410000 - 0x00007ffd6841a000 	C:\Windows\SYSTEM32\VERSION.dll
0x00007ffd6b3a0000 - 0x00007ffd6b3b2000 	C:\Windows\SYSTEM32\kernel.appcore.dll
0x00007ffd5d130000 - 0x00007ffd5d140000 	C:\Program Files\Android\Android Studio1\jbr\bin\verify.dll
0x00007ffd5a330000 - 0x00007ffd5a514000 	C:\Windows\SYSTEM32\DBGHELP.DLL
0x00007ffd5a170000 - 0x00007ffd5a1a4000 	C:\Windows\SYSTEM32\dbgcore.DLL
0x00007ffd6dc60000 - 0x00007ffd6dce2000 	C:\Windows\System32\bcryptPrimitives.dll
0x00007ffd5d100000 - 0x00007ffd5d128000 	C:\Program Files\Android\Android Studio1\jbr\bin\java.dll
0x00007ffd5d0f0000 - 0x00007ffd5d0fa000 	C:\Program Files\Android\Android Studio1\jbr\bin\jimage.dll
0x00007ffd5d060000 - 0x00007ffd5d078000 	C:\Program Files\Android\Android Studio1\jbr\bin\zip.dll

dbghelp: loaded successfully - version: 4.0.5 - missing functions: none
symbol engine: initialized successfully - sym options: 0x614 - pdb path: .;C:\Program Files\Android\Android Studio1\jbr\bin;C:\Windows\SYSTEM32;C:\Windows\WinSxS\amd64_microsoft.windows.common-controls_6595b64144ccf1df_6.0.19041.1110_none_60b5254171f9507e;C:\Program Files\Android\Android Studio1\jbr\bin\server

VM Arguments:
java_command: <unknown>
java_class_path (initial): <not set>
Launcher Type: SUN_STANDARD

[Global flags]
     intx CICompilerCount                          = 4                                         {product} {ergonomic}
     uint ConcGCThreads                            = 2                                         {product} {ergonomic}
     uint G1ConcRefinementThreads                  = 8                                         {product} {ergonomic}
   size_t G1HeapRegionSize                         = 1048576                                   {product} {ergonomic}
    uintx GCDrainStackTargetSize                   = 64                                        {product} {ergonomic}
   size_t InitialHeapSize                          = 268435456                                 {product} {ergonomic}
   size_t MarkStackSize                            = 4194304                                   {product} {ergonomic}
   size_t MaxHeapSize                              = 4284481536                                {product} {ergonomic}
   size_t MinHeapDeltaBytes                        = 1048576                                   {product} {ergonomic}
    uintx NonNMethodCodeHeapSize                   = 5836300                                {pd product} {ergonomic}
    uintx NonProfiledCodeHeapSize                  = 122910970                              {pd product} {ergonomic}
    uintx ProfiledCodeHeapSize                     = 122910970                              {pd product} {ergonomic}
    uintx ReservedCodeCacheSize                    = 251658240                              {pd product} {ergonomic}
     bool SegmentedCodeCache                       = true                                      {product} {ergonomic}
     bool UseCompressedClassPointers               = true                                 {lp64_product} {ergonomic}
     bool UseCompressedOops                        = true                                 {lp64_product} {ergonomic}
     bool UseG1GC                                  = true                                      {product} {ergonomic}
     bool UseLargePagesIndividualAllocation        = false                                  {pd product} {ergonomic}

Logging:
Log output configuration:
 #0: stdout all=warning uptime,level,tags
 #1: stderr all=off uptime,level,tags

Environment Variables:
JAVA_HOME=C:\Program Files\Android\Android Studio1\jbr
PATH=C:\Program Files\Android\Android Studio1\jbr\bin;C:\Windows\system32;C:\Windows;C:\Windows\System32\Wbem;C:\Windows\System32\WindowsPowerShell\v1.0\;C:\Windows\System32\OpenSSH\;D:\flutter SDK\flutter\bin;C:\Users\Admin\AppData\Local\Microsoft\WindowsApps;D:\flutter\bin;;D:\flutter\bin\mingit\cmd
USERNAME=Admin
OS=Windows_NT
PROCESSOR_IDENTIFIER=Intel64 Family 6 Model 42 Stepping 7, GenuineIntel



---------------  S Y S T E M  ---------------

OS: Windows 10 , 64 bit Build 19041 (10.0.19041.3031)
OS uptime: 1 days 7:13 hours

CPU:total 8 (initial active 8) (4 cores per cpu, 2 threads per core) family 6 model 42 stepping 7 microcode 0x2f, cmov, cx8, fxsr, mmx, sse, sse2, sse3, ssse3, sse4.1, sse4.2, popcnt, avx, aes, clmul, ht, tsc, tscinvbit

Memory: 4k page, system-wide physical 16342M (3289M free)
TotalPageFile size 27174M (AvailPageFile size 146M)
current process WorkingSet (physical memory assigned to process): 10M, peak: 10M
current process commit charge ("private bytes"): 60M, peak: 316M

vm_info: OpenJDK 64-Bit Server VM (11.0.15+0-b2043.56-9505619) for windows-amd64 JRE (11.0.15+0-b2043.56-9505619), built on Jan 19 2023 02:48:00 by "builduser" with unknown MS VC++:1929

END.
